2017-03-17 17:56:08 Error: [MissingConnectionException] Database connection "Mysql" is missing, or could not be created.
Exception Attributes: array (
  'class' => 'Mysql',
  'message' => 'SQLSTATE[HY000] [1049] Unknown database \'spanish_test\'',
  'enabled' => true,
)
Request URL: /spanishtest/
Stack Trace:
#0 C:\xampp\htdocs\spanishtest\cakephp\lib\Cake\Model\Datasource\DboSource.php(260): Mysql->connect()
#1 C:\xampp\htdocs\spanishtest\cakephp\lib\Cake\Model\ConnectionManager.php(105): DboSource->__construct(Array)
#2 C:\xampp\htdocs\spanishtest\cakephp\lib\Cake\Model\Model.php(3524): ConnectionManager::getDataSource('default')
#3 C:\xampp\htdocs\spanishtest\cakephp\lib\Cake\Model\Model.php(1136): Model->setDataSource('default')
#4 C:\xampp\htdocs\spanishtest\cakephp\lib\Cake\Model\Model.php(3551): Model->setSource('users')
#5 C:\xampp\htdocs\spanishtest\cakephp\lib\Cake\Model\Model.php(1369): Model->getDataSource()
#6 C:\xampp\htdocs\spanishtest\cakephp\lib\Cake\View\Helper\FormHelper.php(215): Model->schema()
#7 C:\xampp\htdocs\spanishtest\cakephp\lib\Cake\View\Helper\FormHelper.php(468): FormHelper->_introspectModel('User', 'fields')
#8 C:\xampp\htdocs\spanishtest\Plugin\Usermgmt\View\Users\login.ctp(9): FormHelper->create('User', Array)
#9 C:\xampp\htdocs\spanishtest\cakephp\lib\Cake\View\View.php(948): include('C:\\xampp\\htdocs...')
#10 C:\xampp\htdocs\spanishtest\cakephp\lib\Cake\View\View.php(910): View->_evaluate('C:\\xampp\\htdocs...', Array)
#11 C:\xampp\htdocs\spanishtest\cakephp\lib\Cake\View\View.php(471): View->_render('C:\\xampp\\htdocs...')
#12 C:\xampp\htdocs\spanishtest\cakephp\lib\Cake\Controller\Controller.php(954): View->render(NULL, NULL)
#13 C:\xampp\htdocs\spanishtest\cakephp\lib\Cake\Routing\Dispatcher.php(198): Controller->render()
#14 C:\xampp\htdocs\spanishtest\cakephp\lib\Cake\Routing\Dispatcher.php(165): Dispatcher->_invoke(Object(UsersController), Object(CakeRequest))
#15 C:\xampp\htdocs\spanishtest\webroot\index.php(109): Dispatcher->dispatch(Object(CakeRequest), Object(CakeResponse))
#16 {main}
2017-03-17 18:29:42 Error: [MissingConnectionException] Database connection "Mysql" is missing, or could not be created.
Exception Attributes: array (
  'class' => 'Mysql',
  'message' => 'SQLSTATE[HY000] [1049] Unknown database \'spanish_test\'',
  'enabled' => true,
)
Request URL: /spanishtest/
Stack Trace:
#0 C:\xampp\htdocs\spanishtest\cakephp\lib\Cake\Model\Datasource\DboSource.php(260): Mysql->connect()
#1 C:\xampp\htdocs\spanishtest\cakephp\lib\Cake\Model\ConnectionManager.php(105): DboSource->__construct(Array)
#2 C:\xampp\htdocs\spanishtest\cakephp\lib\Cake\Model\Model.php(3524): ConnectionManager::getDataSource('default')
#3 C:\xampp\htdocs\spanishtest\cakephp\lib\Cake\Model\Model.php(1136): Model->setDataSource('default')
#4 C:\xampp\htdocs\spanishtest\cakephp\lib\Cake\Model\Model.php(3551): Model->setSource('users')
#5 C:\xampp\htdocs\spanishtest\cakephp\lib\Cake\Model\Model.php(1369): Model->getDataSource()
#6 C:\xampp\htdocs\spanishtest\cakephp\lib\Cake\View\Helper\FormHelper.php(215): Model->schema()
#7 C:\xampp\htdocs\spanishtest\cakephp\lib\Cake\View\Helper\FormHelper.php(468): FormHelper->_introspectModel('User', 'fields')
#8 C:\xampp\htdocs\spanishtest\Plugin\Usermgmt\View\Users\login.ctp(9): FormHelper->create('User', Array)
#9 C:\xampp\htdocs\spanishtest\cakephp\lib\Cake\View\View.php(948): include('C:\\xampp\\htdocs...')
#10 C:\xampp\htdocs\spanishtest\cakephp\lib\Cake\View\View.php(910): View->_evaluate('C:\\xampp\\htdocs...', Array)
#11 C:\xampp\htdocs\spanishtest\cakephp\lib\Cake\View\View.php(471): View->_render('C:\\xampp\\htdocs...')
#12 C:\xampp\htdocs\spanishtest\cakephp\lib\Cake\Controller\Controller.php(954): View->render(NULL, NULL)
#13 C:\xampp\htdocs\spanishtest\cakephp\lib\Cake\Routing\Dispatcher.php(198): Controller->render()
#14 C:\xampp\htdocs\spanishtest\cakephp\lib\Cake\Routing\Dispatcher.php(165): Dispatcher->_invoke(Object(UsersController), Object(CakeRequest))
#15 C:\xampp\htdocs\spanishtest\webroot\index.php(109): Dispatcher->dispatch(Object(CakeRequest), Object(CakeResponse))
#16 {main}
2017-03-17 18:44:00 Error: level: 7, id: 0
2017-03-17 18:44:00 Error: pasó
2017-03-17 18:54:45 Error: level: 7, id: 0
2017-03-17 18:54:45 Error: pasó
2017-03-17 18:56:50 Error: level: 7, id: 0
2017-03-17 18:56:50 Error: pasó
2017-03-17 19:00:56 Error: Fatal Error (4): syntax error, unexpected ')', expecting ',' or ';' in [C:\xampp\htdocs\spanishtest\View\Pages\test.ctp, line 155]
2017-03-17 19:00:57 Error: [FatalErrorException] syntax error, unexpected ')', expecting ',' or ';'
Request URL: /spanishtest/test/
Stack Trace:
#0 C:\xampp\htdocs\spanishtest\cakephp\lib\Cake\Error\ErrorHandler.php(203): ErrorHandler::handleFatalError(4, 'syntax error, u...', 'C:\\xampp\\htdocs...', 155)
#1 [internal function]: ErrorHandler::handleError(4, 'syntax error, u...', 'C:\\xampp\\htdocs...', 155, Array)
#2 C:\xampp\htdocs\spanishtest\cakephp\lib\Cake\Core\App.php(931): call_user_func('ErrorHandler::h...', 4, 'syntax error, u...', 'C:\\xampp\\htdocs...', 155, Array)
#3 C:\xampp\htdocs\spanishtest\cakephp\lib\Cake\Core\App.php(904): App::_checkFatalError()
#4 [internal function]: App::shutdown()
#5 {main}
2017-03-17 19:01:13 Error: level: 7, id: 0
2017-03-17 19:01:13 Error: pasó
2017-03-17 19:03:09 Error: level: 7, id: 0
2017-03-17 19:03:09 Error: pasó
2017-03-17 19:08:20 Error: level: 7, id: 0
2017-03-17 19:08:20 Error: pasó
2017-03-17 19:08:27 Error: level: 3, id: 0
2017-03-17 19:08:27 Error: pasó
2017-03-17 19:10:02 Error: level: 7, id: 0
2017-03-17 19:10:02 Error: pasó
2017-03-17 19:10:45 Error: level: 5, id: 0
2017-03-17 19:10:45 Error: pasó
2017-03-17 19:11:15 Error: level: 5, id: 0
2017-03-17 19:11:15 Error: pasó
2017-03-17 19:11:56 Error: level: 5, id: 0
2017-03-17 19:11:56 Error: pasó
2017-03-17 19:12:00 Error: level: 7, id: 0
2017-03-17 19:12:00 Error: pasó
2017-03-17 19:12:35 Error: level: 7, id: 0
2017-03-17 19:12:35 Error: pasó
2017-03-17 19:13:23 Error: Fatal Error (1): Call to undefined function ln2br() in [C:\xampp\htdocs\spanishtest\View\Pages\test.ctp, line 155]
2017-03-17 19:13:23 Error: [FatalErrorException] Call to undefined function ln2br()
Request URL: /spanishtest/test/
Stack Trace:
#0 C:\xampp\htdocs\spanishtest\cakephp\lib\Cake\Error\ErrorHandler.php(203): ErrorHandler::handleFatalError(1, 'Call to undefin...', 'C:\\xampp\\htdocs...', 155)
#1 [internal function]: ErrorHandler::handleError(1, 'Call to undefin...', 'C:\\xampp\\htdocs...', 155, Array)
#2 C:\xampp\htdocs\spanishtest\cakephp\lib\Cake\Core\App.php(931): call_user_func('ErrorHandler::h...', 1, 'Call to undefin...', 'C:\\xampp\\htdocs...', 155, Array)
#3 C:\xampp\htdocs\spanishtest\cakephp\lib\Cake\Core\App.php(904): App::_checkFatalError()
#4 [internal function]: App::shutdown()
#5 {main}
2017-03-17 19:13:39 Error: Fatal Error (1): Call to undefined function l2br() in [C:\xampp\htdocs\spanishtest\View\Pages\test.ctp, line 155]
2017-03-17 19:13:39 Error: [FatalErrorException] Call to undefined function l2br()
Request URL: /spanishtest/test/
Stack Trace:
#0 C:\xampp\htdocs\spanishtest\cakephp\lib\Cake\Error\ErrorHandler.php(203): ErrorHandler::handleFatalError(1, 'Call to undefin...', 'C:\\xampp\\htdocs...', 155)
#1 [internal function]: ErrorHandler::handleError(1, 'Call to undefin...', 'C:\\xampp\\htdocs...', 155, Array)
#2 C:\xampp\htdocs\spanishtest\cakephp\lib\Cake\Core\App.php(931): call_user_func('ErrorHandler::h...', 1, 'Call to undefin...', 'C:\\xampp\\htdocs...', 155, Array)
#3 C:\xampp\htdocs\spanishtest\cakephp\lib\Cake\Core\App.php(904): App::_checkFatalError()
#4 [internal function]: App::shutdown()
#5 {main}
2017-03-17 19:14:34 Error: level: 7, id: 0
2017-03-17 19:14:34 Error: pasó
2017-03-17 19:16:12 Error: level: 7, id: 0
2017-03-17 19:16:12 Error: pasó
2017-03-17 19:16:27 Error: level: 0, id: 0
2017-03-17 19:16:27 Error: pasó
2017-03-17 19:17:45 Error: level: 0, id: 1
2017-03-17 19:17:45 Error: pasó
2017-03-17 19:18:00 Error: level: 0, id: 2
2017-03-17 19:18:00 Error: pasó
2017-03-17 19:18:00 Error: [MissingControllerException] Controller class FilesController could not be found.
Exception Attributes: array (
  'class' => 'FilesController',
  'plugin' => NULL,
)
Request URL: /spanishtest/files/audio14894453139AN.mp3
Stack Trace:
#0 C:\xampp\htdocs\spanishtest\webroot\index.php(109): Dispatcher->dispatch(Object(CakeRequest), Object(CakeResponse))
#1 {main}
2017-03-17 19:18:03 Error: [MissingControllerException] Controller class FilesController could not be found.
Exception Attributes: array (
  'class' => 'FilesController',
  'plugin' => NULL,
)
Request URL: /spanishtest/files/audio14894453139AN.mp3
Stack Trace:
#0 C:\xampp\htdocs\spanishtest\webroot\index.php(109): Dispatcher->dispatch(Object(CakeRequest), Object(CakeResponse))
#1 {main}
2017-03-17 19:18:06 Error: [MissingControllerException] Controller class FilesController could not be found.
Exception Attributes: array (
  'class' => 'FilesController',
  'plugin' => NULL,
)
Request URL: /spanishtest/files/audio14894453139AN.mp3
Stack Trace:
#0 C:\xampp\htdocs\spanishtest\webroot\index.php(109): Dispatcher->dispatch(Object(CakeRequest), Object(CakeResponse))
#1 {main}
2017-03-17 19:18:11 Error: level: 0, id: 3
2017-03-17 19:18:11 Error: pasó
2017-03-17 19:18:12 Error: [MissingControllerException] Controller class FilesController could not be found.
Exception Attributes: array (
  'class' => 'FilesController',
  'plugin' => NULL,
)
Request URL: /spanishtest/files/audio1489678490IPQ.mp3
Stack Trace:
#0 C:\xampp\htdocs\spanishtest\webroot\index.php(109): Dispatcher->dispatch(Object(CakeRequest), Object(CakeResponse))
#1 {main}
2017-03-17 19:18:16 Error: level: 1, id: 0
2017-03-17 19:18:16 Error: pasó
2017-03-17 19:18:16 Error: level: 1, id: 1
2017-03-17 19:18:16 Error: pasó
2017-03-17 19:18:16 Error: level: 2, id: 0
2017-03-17 19:18:16 Error: pasó
2017-03-20 11:14:56 Error: level: 0, id: 1
2017-03-20 11:14:56 Error: pasó
2017-03-20 11:15:06 Error: level: 0, id: 2
2017-03-20 11:15:06 Error: pasó
2017-03-20 11:15:23 Error: level: 0, id: 3
2017-03-20 11:15:23 Error: pasó
2017-03-20 11:07:22 Error: [MissingControllerException] Controller class ImgController could not be found.
Exception Attributes: array (
  'class' => 'ImgController',
  'plugin' => NULL,
)
Request URL: /3d/spanishtest/img/file.png
Stack Trace:
#0 C:\xampp\htdocs\3d\spanishtest\webroot\index.php(109): Dispatcher->dispatch(Object(CakeRequest), Object(CakeResponse))
#1 {main}
2017-03-20 11:37:35 Error: level: 0, id: 1
2017-03-20 11:37:35 Error: pasó
2017-03-20 11:38:01 Error: level: 0, id: 2
2017-03-20 11:38:01 Error: pasó
2017-03-20 11:08:02 Error: [MissingControllerException] Controller class FilesController could not be found.
Exception Attributes: array (
  'class' => 'FilesController',
  'plugin' => NULL,
)
Request URL: /3d/spanishtest/files/null
Stack Trace:
#0 C:\xampp\htdocs\3d\spanishtest\webroot\index.php(109): Dispatcher->dispatch(Object(CakeRequest), Object(CakeResponse))
#1 {main}
2017-03-20 11:08:06 Error: [MissingControllerException] Controller class FilesController could not be found.
Exception Attributes: array (
  'class' => 'FilesController',
  'plugin' => NULL,
)
Request URL: /3d/spanishtest/files/null
Stack Trace:
#0 C:\xampp\htdocs\3d\spanishtest\webroot\index.php(109): Dispatcher->dispatch(Object(CakeRequest), Object(CakeResponse))
#1 {main}
2017-03-20 11:08:08 Error: [MissingControllerException] Controller class FilesController could not be found.
Exception Attributes: array (
  'class' => 'FilesController',
  'plugin' => NULL,
)
Request URL: /3d/spanishtest/files/null
Stack Trace:
#0 C:\xampp\htdocs\3d\spanishtest\webroot\index.php(109): Dispatcher->dispatch(Object(CakeRequest), Object(CakeResponse))
#1 {main}
2017-03-20 11:08:12 Error: [MissingControllerException] Controller class FilesController could not be found.
Exception Attributes: array (
  'class' => 'FilesController',
  'plugin' => NULL,
)
Request URL: /3d/spanishtest/files/null
Stack Trace:
#0 C:\xampp\htdocs\3d\spanishtest\webroot\index.php(109): Dispatcher->dispatch(Object(CakeRequest), Object(CakeResponse))
#1 {main}
2017-03-20 11:38:17 Error: level: 0, id: 3
2017-03-20 11:38:17 Error: pasó
2017-03-20 11:38:39 Error: level: 1, id: 0
2017-03-20 11:38:39 Error: pasó
2017-03-20 11:41:00 Error: level: 1, id: 1
2017-03-20 11:41:00 Error: pasó
2017-03-20 11:41:25 Error: level: 1, id: 2
2017-03-20 11:41:25 Error: pasó
2017-03-20 11:41:50 Error: level: 1, id: 3
2017-03-20 11:41:50 Error: pasó
2017-03-20 11:42:15 Error: level: 2, id: 0
2017-03-20 11:42:15 Error: pasó
2017-03-20 11:42:30 Error: level: 2, id: 1
2017-03-20 11:42:30 Error: pasó
2017-03-20 11:42:40 Error: level: 2, id: 2
2017-03-20 11:42:40 Error: pasó
2017-03-20 11:43:01 Error: level: 2, id: 3
2017-03-20 11:43:01 Error: pasó
2017-03-20 11:43:38 Error: level: 3, id: 0
2017-03-20 11:43:38 Error: pasó
2017-03-20 11:44:12 Error: level: 3, id: 1
2017-03-20 11:44:12 Error: pasó
2017-03-20 11:44:38 Error: level: 3, id: 2
2017-03-20 11:44:38 Error: pasó
2017-03-20 11:45:23 Error: level: 3, id: 3
2017-03-20 11:45:23 Error: pasó
2017-03-20 11:45:40 Error: level: 4, id: 0
2017-03-20 11:45:40 Error: pasó
2017-03-20 11:46:17 Error: level: 4, id: 1
2017-03-20 11:46:17 Error: pasó
2017-03-20 11:47:24 Error: level: 4, id: 2
2017-03-20 11:47:24 Error: pasó
2017-03-20 11:47:58 Error: level: 4, id: 3
2017-03-20 11:47:58 Error: pasó
2017-03-20 11:48:26 Error: level: 5, id: 0
2017-03-20 11:48:26 Error: pasó
2017-03-20 11:49:22 Error: level: 5, id: 1
2017-03-20 11:49:23 Error: pasó
2017-03-20 11:49:49 Error: level: 5, id: 2
2017-03-20 11:49:49 Error: pasó
2017-03-20 11:50:09 Error: level: 5, id: 3
2017-03-20 11:50:09 Error: pasó
2017-03-20 11:50:42 Error: level: 6, id: 0
2017-03-20 11:50:42 Error: pasó
2017-03-20 11:51:26 Error: level: 6, id: 1
2017-03-20 11:51:26 Error: pasó
2017-03-20 11:52:05 Error: level: 6, id: 2
2017-03-20 11:52:05 Error: pasó
2017-03-20 11:52:48 Error: level: 6, id: 3
2017-03-20 11:52:48 Error: pasó
2017-03-20 11:53:45 Error: level: 7, id: 0
2017-03-20 11:53:45 Error: pasó
2017-03-20 11:54:53 Error: level: 7, id: 1
2017-03-20 11:54:53 Error: pasó
2017-03-20 11:55:17 Error: level: 7, id: 2
2017-03-20 11:55:17 Error: pasó
2017-03-20 11:55:43 Error: level: 7, id: 3
2017-03-20 11:55:43 Error: pasó
2017-03-20 13:12:33 Error: level: 2, id: 0
2017-03-20 13:12:33 Error: pasó
2017-03-20 13:12:39 Error: level: 2, id: 1
2017-03-20 13:12:39 Error: pasó
2017-03-20 13:12:53 Error: level: 2, id: 2
2017-03-20 13:12:53 Error: pasó
2017-03-20 13:13:06 Error: level: 2, id: 3
2017-03-20 13:13:06 Error: pasó
2017-03-20 13:13:20 Error: level: 3, id: 0
2017-03-20 13:13:20 Error: pasó
2017-03-20 13:13:30 Error: level: 3, id: 1
2017-03-20 13:13:30 Error: pasó
2017-03-20 13:13:38 Error: level: 3, id: 2
2017-03-20 13:13:38 Error: pasó
2017-03-20 13:13:45 Error: level: 3, id: 3
2017-03-20 13:13:45 Error: pasó
2017-03-20 13:32:43 Error: level: 3, id: 0
2017-03-20 13:32:43 Error: pasó
2017-03-20 13:32:45 Error: level: 1, id: 0
2017-03-20 13:32:45 Error: pasó
2017-03-20 13:32:50 Error: level: 1, id: 1
2017-03-20 13:32:50 Error: pasó
2017-03-20 13:32:52 Error: level: 3, id: 1
2017-03-20 13:32:52 Error: pasó
2017-03-20 13:32:54 Error: level: 1, id: 2
2017-03-20 13:32:54 Error: pasó
2017-03-20 13:33:06 Error: level: 1, id: 3
2017-03-20 13:33:06 Error: pasó
2017-03-20 13:33:08 Error: level: 3, id: 2
2017-03-20 13:33:08 Error: pasó
2017-03-20 13:33:14 Error: level: 0, id: 0
2017-03-20 13:33:14 Error: pasó
2017-03-20 13:33:32 Error: level: 0, id: 1
2017-03-20 13:33:32 Error: pasó
2017-03-20 13:33:46 Error: level: 3, id: 3
2017-03-20 13:33:46 Error: pasó
2017-03-20 13:33:46 Error: level: 0, id: 2
2017-03-20 13:33:46 Error: pasó
2017-03-20 13:34:14 Error: level: 0, id: 3
2017-03-20 13:34:14 Error: pasó
2017-03-20 13:34:22 Error: level: 1, id: 0
2017-03-20 13:34:22 Error: pasó
2017-03-20 13:34:28 Error: level: 1, id: 1
2017-03-20 13:34:28 Error: pasó
2017-03-20 13:34:29 Error: level: 1, id: 0
2017-03-20 13:34:29 Error: pasó
2017-03-20 13:34:39 Error: level: 1, id: 2
2017-03-20 13:34:39 Error: pasó
2017-03-20 13:34:53 Error: level: 1, id: 3
2017-03-20 13:34:53 Error: pasó
2017-03-20 13:35:08 Error: level: 2, id: 0
2017-03-20 13:35:08 Error: pasó
2017-03-20 13:35:28 Error: level: 2, id: 1
2017-03-20 13:35:28 Error: pasó
2017-03-20 13:35:36 Error: level: 2, id: 2
2017-03-20 13:35:36 Error: pasó
2017-03-20 13:36:06 Error: level: 2, id: 3
2017-03-20 13:36:06 Error: pasó
2017-03-20 13:36:22 Error: level: 1, id: 1
2017-03-20 13:36:22 Error: pasó
2017-03-20 13:36:29 Error: level: 1, id: 2
2017-03-20 13:36:29 Error: pasó
2017-03-20 13:36:36 Error: level: 1, id: 3
2017-03-20 13:36:36 Error: pasó
2017-03-20 13:40:46 Error: level: 1, id: 0
2017-03-20 13:40:46 Error: pasó
2017-03-20 13:40:53 Error: level: 1, id: 1
2017-03-20 13:40:53 Error: pasó
2017-03-20 13:41:01 Error: level: 1, id: 2
2017-03-20 13:41:01 Error: pasó
2017-03-20 13:41:05 Error: level: 1, id: 3
2017-03-20 13:41:05 Error: pasó
2017-03-20 13:41:16 Error: level: 0, id: 0
2017-03-20 13:41:16 Error: pasó
2017-03-20 13:48:55 Error: level: 0, id: 1
2017-03-20 13:48:55 Error: pasó
2017-03-20 13:57:54 Error: level: 0, id: 2
2017-03-20 13:57:54 Error: pasó
2017-03-20 13:58:07 Error: level: 0, id: 3
2017-03-20 13:58:07 Error: pasó
2017-03-20 13:58:25 Error: level: 1, id: 0
2017-03-20 13:58:25 Error: pasó
2017-03-20 13:58:30 Error: level: 1, id: 1
2017-03-20 13:58:30 Error: pasó
2017-03-20 13:58:54 Error: level: 1, id: 2
2017-03-20 13:58:54 Error: pasó
2017-03-20 14:00:13 Error: level: 1, id: 3
2017-03-20 14:00:13 Error: pasó
2017-03-20 14:00:25 Error: level: 2, id: 0
2017-03-20 14:00:25 Error: pasó
2017-03-20 14:00:32 Error: level: 2, id: 1
2017-03-20 14:00:32 Error: pasó
2017-03-20 14:00:40 Error: level: 2, id: 2
2017-03-20 14:00:41 Error: pasó
2017-03-20 14:00:53 Error: level: 2, id: 3
2017-03-20 14:00:53 Error: pasó
2017-03-20 14:01:08 Error: level: 3, id: 0
2017-03-20 14:01:08 Error: pasó
2017-03-20 14:01:30 Error: level: 3, id: 1
2017-03-20 14:01:30 Error: pasó
2017-03-20 14:01:36 Error: level: 3, id: 2
2017-03-20 14:01:36 Error: pasó
2017-03-20 14:01:48 Error: level: 3, id: 3
2017-03-20 14:01:48 Error: pasó
2017-03-20 21:50:45 Error: [SocketException] php_network_getaddresses: getaddrinfo failed: Host desconocido. 
Request URL: /3d/spanishtest/usermgmt/users/reasign/16
Stack Trace:
#0 C:\xampp\htdocs\3d\spanishtest\cakephp\lib\Cake\Network\Email\SmtpTransport.php(154): CakeSocket->connect()
#1 C:\xampp\htdocs\3d\spanishtest\cakephp\lib\Cake\Network\Email\SmtpTransport.php(95): SmtpTransport->_connect()
#2 C:\xampp\htdocs\3d\spanishtest\cakephp\lib\Cake\Network\Email\CakeEmail.php(1158): SmtpTransport->send(Object(CakeEmail))
#3 C:\xampp\htdocs\3d\spanishtest\Plugin\Usermgmt\Controller\UsersController.php(822): CakeEmail->send('Bienvenido Dieg...')
#4 C:\xampp\htdocs\3d\spanishtest\Plugin\Usermgmt\Controller\UsersController.php(620): UsersController->__enviar_correo('info@3dlink.com...', 'dbrito_9_9@hotm...', 'Spanish Test: \xE7...', 'Bienvenido Dieg...')
#5 [internal function]: UsersController->reasign('16')
#6 C:\xampp\htdocs\3d\spanishtest\cakephp\lib\Cake\Controller\Controller.php(490): ReflectionMethod->invokeArgs(Object(UsersController), Array)
#7 C:\xampp\htdocs\3d\spanishtest\cakephp\lib\Cake\Routing\Dispatcher.php(191): Controller->invokeAction(Object(CakeRequest))
#8 C:\xampp\htdocs\3d\spanishtest\cakephp\lib\Cake\Routing\Dispatcher.php(165): Dispatcher->_invoke(Object(UsersController), Object(CakeRequest))
#9 C:\xampp\htdocs\3d\spanishtest\webroot\index.php(109): Dispatcher->dispatch(Object(CakeRequest), Object(CakeResponse))
#10 {main}
2017-03-20 21:53:42 Error: level: 0, id: 1
2017-03-20 21:53:42 Error: pasó
2017-03-20 21:54:41 Error: level: 0, id: 1
2017-03-20 21:54:41 Error: pasó
2017-03-20 21:54:41 Error: level: 0, id: 2
2017-03-20 21:54:41 Error: pasó
2017-03-20 21:54:46 Error: level: 0, id: 3
2017-03-20 21:54:46 Error: pasó
2017-03-20 21:54:50 Error: level: 0, id: 4
2017-03-20 21:54:50 Error: pasó
2017-03-20 21:54:51 Error: level: 0, id: 5
2017-03-20 21:54:51 Error: pasó
2017-03-20 21:54:52 Error: level: 0, id: 7
2017-03-20 21:54:52 Error: pasó
2017-03-20 21:54:52 Error: level: 0, id: 6
2017-03-20 21:54:52 Error: pasó
2017-03-20 21:54:53 Error: level: 0, id: 8
2017-03-20 21:54:53 Error: pasó
2017-03-20 21:54:53 Error: level: 0, id: 10
2017-03-20 21:54:53 Error: pasó
2017-03-20 21:54:53 Error: level: 0, id: 9
2017-03-20 21:54:53 Error: pasó
2017-03-20 21:55:52 Error: level: 0, id: 1
2017-03-20 21:55:52 Error: pasó
2017-03-20 21:57:09 Error: level: 0, id: 1
2017-03-20 21:57:09 Error: pasó
2017-03-20 21:58:20 Error: level: 0, id: 1
2017-03-20 21:58:20 Error: pasó
2017-03-20 21:58:25 Error: level: 0, id: 2
2017-03-20 21:58:25 Error: pasó
2017-03-20 21:58:30 Error: level: 0, id: 3
2017-03-20 21:58:30 Error: pasó
2017-03-20 21:58:34 Error: level: 0, id: 4
2017-03-20 21:58:34 Error: pasó
2017-03-20 22:06:55 Error: level: 0, id: 1
2017-03-20 22:06:55 Error: pasó
2017-03-20 22:07:05 Error: level: 0, id: 2
2017-03-20 22:07:05 Error: pasó
2017-03-20 22:07:14 Error: level: 7, id: 0
2017-03-20 22:07:14 Error: pasó
2017-03-20 22:08:18 Error: level: 7, id: 1
2017-03-20 22:08:18 Error: pasó
2017-03-20 22:09:02 Error: level: 7, id: 2
2017-03-20 22:09:02 Error: pasó
2017-03-20 22:09:16 Error: level: 7, id: 3
2017-03-20 22:09:16 Error: pasó
2017-03-20 22:10:07 Error: level: 7, id: 4
2017-03-20 22:10:07 Error: pasó
2017-03-20 22:10:27 Error: level: 7, id: 5
2017-03-20 22:10:27 Error: pasó
2017-03-20 22:10:46 Error: level: 7, id: 6
2017-03-20 22:10:46 Error: pasó
2017-03-20 22:11:08 Error: level: 7, id: 7
2017-03-20 22:11:08 Error: pasó
2017-03-20 22:11:26 Error: level: 7, id: 8
2017-03-20 22:11:26 Error: pasó
2017-03-20 22:11:50 Error: level: 7, id: 9
2017-03-20 22:11:50 Error: pasó
2017-03-20 22:12:02 Error: level: 7, id: 10
2017-03-20 22:12:02 Error: pasó
2017-03-20 22:12:49 Error: level: 7, id: 11
2017-03-20 22:12:49 Error: pasó
2017-03-20 22:13:11 Error: level: 7, id: 12
2017-03-20 22:13:11 Error: pasó
2017-03-20 22:14:04 Error: level: 7, id: 13
2017-03-20 22:14:05 Error: pasó
2017-03-20 22:14:52 Error: level: 7, id: 14
2017-03-20 22:14:52 Error: pasó
2017-03-20 22:15:26 Error: level: 7, id: 15
2017-03-20 22:15:26 Error: pasó
2017-03-20 22:15:56 Error: level: 7, id: 16
2017-03-20 22:15:56 Error: pasó
2017-03-20 22:16:31 Error: level: 7, id: 17
2017-03-20 22:16:31 Error: pasó
2017-03-20 22:17:11 Error: level: 7, id: 18
2017-03-20 22:17:11 Error: pasó
2017-03-20 22:17:25 Error: level: 7, id: 19
2017-03-20 22:17:25 Error: pasó
